app/build/outputs/mapping/release/seeds.txt
app.vercel.weather_apps_six_rosy.twa.LauncherActivity
app.vercel.weather_apps_six_rosy.twa.DelegationService
app.vercel.weather_apps_six_rosy.twa.Application
app.vercel.weather_apps_six_rosy.twa.Application: Application()
app.vercel.weather_apps_six_rosy.twa.LauncherActivity: LauncherActivity()
app.vercel.weather_apps_six_rosy.twa.DelegationService: DelegationService()
...
com.google.android.gms.common.internal.ReflectedParcelable
androidx.appcompat.view.menu.ListMenuItemView
android.support.v4.graphics.drawable.IconCompatParcelizer
com.google.androidbrowserhelper.trusted.WebViewFallbackActivity
androidx.lifecycle.ReportFragment
androidx.lifecycle.ProcessLifecycleOwner$attach$1$onActivityPreCreated$1
androidx.appcompat.widget.ViewStubCompat
androidx.appcompat.widget.AlertDialogLayout
androidx.core.graphics.drawable.IconCompatParcelizer
androidx.fragment.app.DialogFragment
androidx.core.app.CoreComponentFactory
androidx.profileinstaller.ProfileInstallReceiver
androidx.savedstate.Recreator
com.google.android.gms.common.api.Status
androidx.appcompat.widget.ActionBarContextView
androidx.lifecycle.LifecycleCoroutineScopeImpl
com.google.android.gms.location.LocationAvailability
androidx.appcompat.widget.ActivityChooserView$InnerLayout
androidx.activity.ComponentActivity$4
com.google.android.gms.common.api.internal.LifecycleCallback
androidx.appcompat.widget.FitWindowsLinearLayout
androidx.emoji2.text.EmojiCompatInitializer
androidx.lifecycle.Lifecycle$Event: androidx.lifecycle.Lifecycle$Event$Companion Companion
androidx.lifecycle.Lifecycle$Event: androidx.lifecycle.Lifecycle$Event[] $VALUES
androidx.core.widget.NestedScrollView$SavedState: android.os.Parcelable$Creator CREATOR
com.google.android.gms.common.internal.RootTelemetryConfiguration: android.os.Parcelable$Creator CREATOR
com.google.android.gms.location.zzac: android.os.Parcelable$Creator CREATOR
com.google.android.gms.auth.api.signin.GoogleSignInAccount: android.os.Parcelable$Creator CREATOR
androidx.lifecycle.ReportFragment$LifecycleCallbacks: androidx.lifecycle.ReportFragment$LifecycleCallbacks$Companion Companion
androidx.lifecycle.Lifecycle$Event: androidx.lifecycle.Lifecycle$Event ON_CREATE
com.google.android.gms.location.LocationRequest: android.os.Parcelable$Creator CREATOR
androidx.concurrent.futures.AbstractResolvableFuture$Waiter: java.lang.Thread thread
com.google.android.gms.signin.internal.zak: android.os.Parcelable$Creator CREATOR
androidx.lifecycle.ProcessLifecycleOwner$attach$1: androidx.lifecycle.ProcessLifecycleOwner this$0
com.google.android.gms.common.internal.GetServiceRequest: android.os.Parcelable$Creator CREATOR
androidx.lifecycle.Lifecycle$Event: androidx.lifecycle.Lifecycle$Event ON_PAUSE
androidx.lifecycle.Lifecycle$Event: androidx.lifecycle.Lifecycle$Event ON_STOP
androidx.fragment.app.BackStackState: android.os.Parcelable$Creator CREATOR
androidx.fragment.app.FragmentState: android.os.Parcelable$Creator CREATOR
androidx.concurrent.futures.AbstractResolvableFuture: androidx.concurrent.futures.AbstractResolvableFuture$Waiter waiters
androidx.concurrent.futures.AbstractResolvableFuture: java.lang.Object value
androidx.lifecycle.ProcessLifecycleOwner$attach$1$onActivityPreCreated$1: androidx.lifecycle.ProcessLifecycleOwner this$0
androidx.fragment.app.FragmentManagerState: android.os.Parcelable$Creator CREATOR
com.google.android.gms.common.api.Scope: android.os.Parcelable$Creator CREATOR
androidx.fragment.app.FragmentManager$LaunchedFragmentInfo: android.os.Parcelable$Creator CREATOR
com.google.android.gms.common.internal.ConnectionTelemetryConfiguration: android.os.Parcelable$Creator CREATOR
com.google.android.gms.common.internal.zat: android.os.Parcelable$Creator CREATOR
androidx.concurrent.futures.AbstractResolvableFuture: androidx.concurrent.futures.AbstractResolvableFuture$Listener listeners
com.google.android.gms.internal.location.zzdf: android.os.Parcelable$Creator CREATOR
com.google.android.gms.location.LocationAvailability: android.os.Parcelable$Creator CREATOR
com.google.android.gms.signin.internal.zag: android.os.Parcelable$Creator CREATOR
com.google.android.gms.location.LocationResult: android.os.Parcelable$Creator CREATOR
com.google.android.gms.common.ConnectionResult: android.os.Parcelable$Creator CREATOR