app/build/outputs/mapping/release/mapping.txt
# compiler: R8
# compiler_version: 8.9.32
# min_api: 21
# common_typos_disable
# {"id":"com.android.tools.r8.mapping","version":"2.2"}
# pg_map_id: a0096fe
# pg_map_hash: SHA-256 a0096fee474a40f9ff4a535c86a9ad108e4b3701e1f332606874735cab1f6e15
app.vercel.weather_apps_six_rosy.twa.Application -> app.vercel.weather_apps_six_rosy.twa.Application:
# {"id":"sourceFile","fileName":"Application.java"}
    1:4:void <init>():20:20 -> <init>
    1:4:void onCreate():26:26 -> onCreate
app.vercel.weather_apps_six_rosy.twa.DelegationService -> app.vercel.weather_apps_six_rosy.twa.DelegationService:
# {"id":"sourceFile","fileName":"DelegationService.java"}
    1:4:void <init>():7:7 -> <init>
    1:3:void onCreate():11:11 -> onCreate
    4:12:void onCreate():14:14 -> onCreate
app.vercel.weather_apps_six_rosy.twa.LauncherActivity -> app.vercel.weather_apps_six_rosy.twa.LauncherActivity:
# {"id":"sourceFile","fileName":"LauncherActivity.java"}
    1:4:void <init>():25:25 -> <init>
    1:5:android.net.Uri getLaunchingUrl():48:48 -> i
    1:3:void onCreate(android.os.Bundle):33:33 -> onCreate
    4:10:void onCreate(android.os.Bundle):38:38 -> onCreate
    11:14:void onCreate(android.os.Bundle):39:39 -> onCreate
    15:18:void onCreate(android.os.Bundle):41:41 -> onCreate
...
androidx.appcompat.widget.ListPopupWindow -> androidx.appcompat.widget.A:
# {"id":"sourceFile","fileName":"ListPopupWindow.java"}
    java.lang.Runnable mShowDropDownRunnable -> A
    android.os.Handler mHandler -> B
    android.graphics.Rect mTempRect -> C
    android.graphics.Rect mEpicenterBounds -> D
    boolean mModal -> E
    android.widget.PopupWindow mPopup -> F
    java.lang.reflect.Method sSetClipToWindowEnabledMethod -> G
    java.lang.reflect.Method sGetMaxAvailableHeightMethod -> H
    java.lang.reflect.Method sSetEpicenterBoundsMethod -> I
    android.content.Context mContext -> a
    android.widget.ListAdapter mAdapter -> b
    androidx.appcompat.widget.DropDownListView mDropDownList -> c
      # {"id":"com.android.tools.r8.residualsignature","signature":"Landroidx/appcompat/widget/w;"}
    int mDropDownHeight -> d
    int mDropDownWidth -> e
    int mDropDownHorizontalOffset -> f
    int mDropDownVerticalOffset -> g
    int mDropDownWindowLayoutType -> h
    boolean mDropDownVerticalOffsetSet -> i
    boolean mOverlapAnchor -> j
    boolean mOverlapAnchorSet -> k
    int mDropDownGravity -> l
    boolean mDropDownAlwaysVisible -> m
    boolean mForceIgnoreOutsideTouch -> n
    int mListItemExpandMaximum -> o
    android.view.View mPromptView -> p
    int mPromptPosition -> q
    android.database.DataSetObserver mObserver -> r
    android.view.View mDropDownAnchorView -> s
    android.graphics.drawable.Drawable mDropDownListHighlight -> t
androidx.appcompat.widget.ListPopupWindow$2 -> androidx.appcompat.widget.A$a:
# {"id":"sourceFile","fileName":"ListPopupWindow.java"}
    androidx.appcompat.widget.ListPopupWindow this$0 -> a
      # {"id":"com.android.tools.r8.residualsignature","signature":"Landroidx/appcompat/widget/A;"}
    1:6:void <init>(androidx.appcompat.widget.ListPopupWindow):1166:1166 -> <init>
      # {"id":"com.android.tools.r8.residualsignature","signature":"(Landroidx/appcompat/widget/A;)V"}
    1:8:void run():1170:1170 -> run
    9:14:void run():1171:1171 -> run
    15:20:void run():1172:1172 -> run
androidx.appcompat.widget.ListPopupWindow$3 -> androidx.appcompat.widget.A$b:
# {"id":"sourceFile","fileName":"ListPopupWindow.java"}
    androidx.appcompat.widget.ListPopupWindow this$0 -> a
      # {"id":"com.android.tools.r8.residualsignature","signature":"Landroidx/appcompat/widget/A;"}
    1:6:void <init>(androidx.appcompat.widget.ListPopupWindow):1185:1185 -> <init>
      # {"id":"com.android.tools.r8.residualsignature","signature":"(Landroidx/appcompat/widget/A;)V"}
    4:10:void onItemSelected(android.widget.AdapterView,android.view.View,int,long):1191:1191 -> onItemSelected
    11:14:void onItemSelected(android.widget.AdapterView,android.view.View,int,long):1194:1194 -> onItemSelected
androidx.appcompat.widget.ListPopupWindow$Api24Impl -> androidx.appcompat.widget.A$c:
# {"id":"sourceFile","fileName":"ListPopupWindow.java"}
    1:5:int getMaxAvailableHeight(android.widget.PopupWindow,android.view.View,int,boolean):1486:1486 -> a
androidx.appcompat.widget.ListPopupWindow$Api29Impl -> androidx.appcompat.widget.A$d:
# {"id":"sourceFile","fileName":"ListPopupWindow.java"}
    1:4:void setEpicenterBounds(android.widget.PopupWindow,android.graphics.Rect):1468:1468 -> a
    1:4:void setIsClippedToScreen(android.widget.PopupWindow,boolean):1473:1473 -> b
androidx.appcompat.widget.ListPopupWindow$ListSelectorHider -> androidx.appcompat.widget.A$e:
# {"id":"sourceFile","fileName":"ListPopupWindow.java"}
    androidx.appcompat.widget.ListPopupWindow this$0 -> a
      # {"id":"com.android.tools.r8.residualsignature","signature":"Landroidx/appcompat/widget/A;"}
    1:6:void <init>(androidx.appcompat.widget.ListPopupWindow):1359:1359 -> <init>
      # {"id":"com.android.tools.r8.residualsignature","signature":"(Landroidx/appcompat/widget/A;)V"}
    1:6:void run():1364:1364 -> run