app/build/outputs/mapping/release/usage.txt
app.vercel.weather_apps_six_rosy.twa.R$bool
app.vercel.weather_apps_six_rosy.twa.R$color
app.vercel.weather_apps_six_rosy.twa.R$drawable
app.vercel.weather_apps_six_rosy.twa.R$integer
app.vercel.weather_apps_six_rosy.twa.R$mipmap
app.vercel.weather_apps_six_rosy.twa.R$raw
app.vercel.weather_apps_six_rosy.twa.R$string
app.vercel.weather_apps_six_rosy.twa.R$xml
app.vercel.weather_apps_six_rosy.twa.R
...
androidx.appcompat.R$drawable:
    public static int abc_action_bar_item_background_material
    public static int abc_btn_check_to_on_mtrl_000
    public static int abc_btn_check_to_on_mtrl_015
    public static int abc_btn_radio_to_on_mtrl_000
    public static int abc_btn_radio_to_on_mtrl_015
    public static int abc_btn_switch_to_on_mtrl_00001
    public static int abc_btn_switch_to_on_mtrl_00012
    public static int abc_control_background_material
    public static int abc_ic_arrow_drop_right_black_24dp
    public static int abc_ic_clear_material
    public static int abc_ic_go_search_api_material
    public static int abc_ic_menu_overflow_material
    public static int abc_ic_search_api_material
    public static int abc_ic_voice_search_api_material
    public static int abc_item_background_holo_dark
    public static int abc_item_background_holo_light
    public static int abc_list_divider_material
    public static int abc_list_focused_holo
    public static int abc_list_longpressed_holo
    public static int abc_list_pressed_holo_dark
    public static int abc_list_pressed_holo_light
    public static int abc_list_selector_background_transition_holo_dark
    public static int abc_list_selector_background_transition_holo_light
    public static int abc_list_selector_disabled_holo_dark
    public static int abc_list_selector_disabled_holo_light
    public static int abc_list_selector_holo_dark
    public static int abc_list_selector_holo_light
androidx.appcompat.R$id:
    public static int action_bar_root
    public static int action_bar_spinner
    public static int action_menu_divider
    public static int action_menu_presenter
    public static int action_mode_bar
    public static int action_mode_bar_stub
    public static int action_mode_close_button
    public static int activity_chooser_view_content
    public static int add
    public static int alertTitle
    public static int checkbox
    public static int checked
    public static int custom
    public static int decor_content_parent
    public static int default_activity_button
    public static int edit_query
    public static int expand_activities_button
    public static int expanded_menu
    public static int home
    public static int icon
    public static int image
    public static int listMode
    public static int list_item
    public static int multiply
    public static int none
    public static int normal
    public static int off
    public static int on
    public static int parentPanel
    public static int progress_circular
    public static int progress_horizontal
    public static int radio
    public static int screen
    public static int scrollIndicatorDown
    public static int scrollIndicatorUp
    public static int scrollView
    public static int search_badge
    public static int search_bar
    public static int search_button
    public static int search_close_btn
    public static int search_edit_frame
androidx.appcompat.R$integer
androidx.appcompat.R$interpolator